12:41:57:772 [ALWAYS]	GUDE Logging Started
12:41:57:774 [INFO]	SqliteResumeCache::SqliteResumeCache basedirectory is null/empty
12:41:57:774 [ERROR]	SqliteResumeCache::CreateSqliteResumeCache creating resume cache pointer failure
12:41:57:774 [ERROR]	Initialize resume cache pointer failure
12:41:57:774 [INFO]	gude policy POLICY_USER limit (2,2,1) chunk 2097152, chunking (UL 0 DL 1), resXfer 1, adapt 0, NSURL 0, timeout 86400 
12:41:57:774 [INFO]	Initialized -- gude-lib version: v0.12.1 app: gude
12:42:01:656 [WARN]	Ignoring attempt to reinit logging to \gude at level 4 retaining 3 days of logs
12:42:01:656 [INFO]	SqliteResumeCache::SqliteResumeCache basedirectory is null/empty
12:42:01:657 [ERROR]	SqliteResumeCache::CreateSqliteResumeCache creating resume cache pointer failure
12:42:01:657 [ERROR]	Initialize resume cache pointer failure
12:42:01:657 [INFO]	gude policy POLICY_USER limit (4,4,1) chunk 2097152, chunking (UL 0 DL 1), resXfer 1, adapt 0, NSURL 1, timeout 86400 
12:42:01:657 [INFO]	Initialized -- gude-lib version: v0.12.1 app: gude
12:42:33:605 [ALWAYS]	GUDE Logging Started
12:42:33:606 [INFO]	SqliteResumeCache::SqliteResumeCache basedirectory is null/empty
12:42:33:606 [ERROR]	SqliteResumeCache::CreateSqliteResumeCache creating resume cache pointer failure
12:42:33:606 [ERROR]	Initialize resume cache pointer failure
12:42:33:606 [INFO]	gude policy POLICY_USER limit (2,2,1) chunk 2097152, chunking (UL 0 DL 1), resXfer 1, adapt 0, NSURL 0, timeout 86400 
12:42:33:606 [INFO]	Initialized -- gude-lib version: v0.12.1 app: gude
12:42:36:613 [WARN]	Ignoring attempt to reinit logging to \gude at level 4 retaining 3 days of logs
12:42:36:613 [INFO]	SqliteResumeCache::SqliteResumeCache basedirectory is null/empty
12:42:36:613 [ERROR]	SqliteResumeCache::CreateSqliteResumeCache creating resume cache pointer failure
12:42:36:614 [ERROR]	Initialize resume cache pointer failure
12:42:36:614 [INFO]	gude policy POLICY_USER limit (4,4,1) chunk 2097152, chunking (UL 0 DL 1), resXfer 1, adapt 0, NSURL 1, timeout 86400 
12:42:36:614 [INFO]	Initialized -- gude-lib version: v0.12.1 app: gude
